============================= test session starts ==============================
platform linux -- Python 3.12.3, pytest-9.0.2, pluggy-1.6.0 -- /home/ubuntu/onix_project/venv/bin/python
cachedir: .pytest_cache
rootdir: /home/ubuntu/onix_project
configfile: pytest.ini
plugins: asyncio-1.3.0, anyio-4.12.0
asyncio: mode=Mode.AUTO, debug=False, asyncio_default_fixture_loop_scope=None, asyncio_default_test_loop_scope=function
collecting ... collected 25 items

tests/test_api_layers.py::TestPrismaCatalogService::test_service_initialization PASSED [  4%]
tests/test_api_layers.py::TestPrismaCatalogService::test_service_has_methods PASSED [  8%]
tests/test_api_layers.py::TestConfiguration::test_prisma_database_url_configured PASSED [ 12%]
tests/test_api_layers.py::TestConfiguration::test_settings_can_be_loaded PASSED [ 16%]
tests/test_catalog_loader.py::test_catalog_loader_instantiation PASSED   [ 20%]
tests/test_catalog_loader.py::test_market_loader_instantiation PASSED    [ 24%]
tests/test_catalog_loader_validation.py::test_process_subjects_skips_invalid_thema PASSED [ 28%]
tests/test_catalog_loader_validation.py::test_process_subjects_allows_non_thema PASSED [ 32%]
tests/test_market_loader.py::test_market_loader_update_price PASSED      [ 36%]
tests/test_reference_loaders.py::test_load_onix_codelists_structure PASSED [ 40%]
tests/test_reference_loaders.py::test_load_thema_uses_bfs_topological_sort PASSED [ 44%]
tests/test_thema_cache.py::test_ensure_thema_cache_loads_once PASSED     [ 48%]
tests/test_thema_cache.py::test_thema_cache_empty_on_no_refs PASSED      [ 52%]
tests/test_yakaboo_import.py::test_get_deep_value PASSED                 [ 56%]
tests/test_yakaboo_import.py::test_find_attribute PASSED                 [ 60%]
tests/test_yakaboo_import.py::test_map_thema_subject PASSED              [ 64%]
tests/test_yakaboo_import.py::test_map_yakaboo_product_full PASSED       [ 68%]
tests/test_yakaboo_import.py::test_map_yakaboo_product_minimal PASSED    [ 72%]
tests/test_yakaboo_import.py::test_extract_isbn13 PASSED                 [ 76%]
tests/test_yakaboo_import.py::test_validate_yakaboo_product PASSED       [ 80%]
tests/test_yakaboo_import.py::test_map_yakaboo_batch PASSED              [ 84%]
tests/test_yakaboo_import.py::test_thema_mapping_priority PASSED         [ 88%]
tests/test_yakaboo_import.py::test_empty_media_gallery PASSED            [ 92%]
tests/test_yakaboo_import.py::test_missing_price_info PASSED             [ 96%]
tests/test_yakaboo_import.py::test_invalid_numeric_values PASSED         [100%]

=============================== warnings summary ===============================
app/core/config.py:7
  /home/ubuntu/onix_project/app/core/config.py:7: PydanticDeprecatedSince20: Support for class-based `config` is deprecated, use ConfigDict instead. Deprecated in Pydantic V2.0 to be removed in V3.0. See Pydantic V2 Migration Guide at https://errors.pydantic.dev/2.12/migration/
    class Settings(BaseSettings):

app/schemas/catalog_dto.py:16
  /home/ubuntu/onix_project/app/schemas/catalog_dto.py:16: PydanticDeprecatedSince20: Support for class-based `config` is deprecated, use ConfigDict instead. Deprecated in Pydantic V2.0 to be removed in V3.0. See Pydantic V2 Migration Guide at https://errors.pydantic.dev/2.12/migration/
    class PriceDTO(BaseModel):

app/schemas/catalog_dto.py:34
  /home/ubuntu/onix_project/app/schemas/catalog_dto.py:34: PydanticDeprecatedSince20: Support for class-based `config` is deprecated, use ConfigDict instead. Deprecated in Pydantic V2.0 to be removed in V3.0. See Pydantic V2 Migration Guide at https://errors.pydantic.dev/2.12/migration/
    class ContributorDTO(BaseModel):

app/schemas/catalog_dto.py:50
  /home/ubuntu/onix_project/app/schemas/catalog_dto.py:50: PydanticDeprecatedSince20: Support for class-based `config` is deprecated, use ConfigDict instead. Deprecated in Pydantic V2.0 to be removed in V3.0. See Pydantic V2 Migration Guide at https://errors.pydantic.dev/2.12/migration/
    class TitleDTO(BaseModel):

app/schemas/catalog_dto.py:66
  /home/ubuntu/onix_project/app/schemas/catalog_dto.py:66: PydanticDeprecatedSince20: Support for class-based `config` is deprecated, use ConfigDict instead. Deprecated in Pydantic V2.0 to be removed in V3.0. See Pydantic V2 Migration Guide at https://errors.pydantic.dev/2.12/migration/
    class SubjectDTO(BaseModel):

app/schemas/catalog_dto.py:80
  /home/ubuntu/onix_project/app/schemas/catalog_dto.py:80: PydanticDeprecatedSince20: Support for class-based `config` is deprecated, use ConfigDict instead. Deprecated in Pydantic V2.0 to be removed in V3.0. See Pydantic V2 Migration Guide at https://errors.pydantic.dev/2.12/migration/
    class ProductCardDTO(BaseModel):

app/schemas/catalog_dto.py:106
  /home/ubuntu/onix_project/app/schemas/catalog_dto.py:106: PydanticDeprecatedSince20: Support for class-based `config` is deprecated, use ConfigDict instead. Deprecated in Pydantic V2.0 to be removed in V3.0. See Pydantic V2 Migration Guide at https://errors.pydantic.dev/2.12/migration/
    class ProductDetailDTO(BaseModel):

app/schemas/catalog_dto.py:179
  /home/ubuntu/onix_project/app/schemas/catalog_dto.py:179: PydanticDeprecatedSince20: Support for class-based `config` is deprecated, use ConfigDict instead. Deprecated in Pydantic V2.0 to be removed in V3.0. See Pydantic V2 Migration Guide at https://errors.pydantic.dev/2.12/migration/
    class PriceDetailDTO(BaseModel):

app/schemas/catalog_dto.py:203
  /home/ubuntu/onix_project/app/schemas/catalog_dto.py:203: PydanticDeprecatedSince20: Support for class-based `config` is deprecated, use ConfigDict instead. Deprecated in Pydantic V2.0 to be removed in V3.0. See Pydantic V2 Migration Guide at https://errors.pydantic.dev/2.12/migration/
    class CatalogSearchRequestDTO(BaseModel):

app/schemas/catalog_dto.py:225
  /home/ubuntu/onix_project/app/schemas/catalog_dto.py:225: PydanticDeprecatedSince20: Support for class-based `config` is deprecated, use ConfigDict instead. Deprecated in Pydantic V2.0 to be removed in V3.0. See Pydantic V2 Migration Guide at https://errors.pydantic.dev/2.12/migration/
    class CatalogSearchResponseDTO(BaseModel):

app/schemas/catalog_dto.py:256
  /home/ubuntu/onix_project/app/schemas/catalog_dto.py:256: PydanticDeprecatedSince20: Support for class-based `config` is deprecated, use ConfigDict instead. Deprecated in Pydantic V2.0 to be removed in V3.0. See Pydantic V2 Migration Guide at https://errors.pydantic.dev/2.12/migration/
    class ErrorDTO(BaseModel):

app/schemas/product_full.py:84
  /home/ubuntu/onix_project/app/schemas/product_full.py:84: PydanticDeprecatedSince20: Pydantic V1 style `@validator` validators are deprecated. You should migrate to Pydantic V2 style `@field_validator` validators, see the migration guide for more details. Deprecated in Pydantic V2.0 to be removed in V3.0. See Pydantic V2 Migration Guide at https://errors.pydantic.dev/2.12/migration/
    @validator('isbn13')

app/schemas/product_full.py:95
  /home/ubuntu/onix_project/app/schemas/product_full.py:95: PydanticDeprecatedSince20: Pydantic V1 style `@validator` validators are deprecated. You should migrate to Pydantic V2 style `@field_validator` validators, see the migration guide for more details. Deprecated in Pydantic V2.0 to be removed in V3.0. See Pydantic V2 Migration Guide at https://errors.pydantic.dev/2.12/migration/
    @validator('price', 'old_price')

app/schemas/product_full.py:11
  /home/ubuntu/onix_project/app/schemas/product_full.py:11: PydanticDeprecatedSince20: Support for class-based `config` is deprecated, use ConfigDict instead. Deprecated in Pydantic V2.0 to be removed in V3.0. See Pydantic V2 Migration Guide at https://errors.pydantic.dev/2.12/migration/
    class ProductFullDTO(BaseModel):

app/schemas/product_full.py:113
  /home/ubuntu/onix_project/app/schemas/product_full.py:113: PydanticDeprecatedSince20: Pydantic V1 style `@validator` validators are deprecated. You should migrate to Pydantic V2 style `@field_validator` validators, see the migration guide for more details. Deprecated in Pydantic V2.0 to be removed in V3.0. See Pydantic V2 Migration Guide at https://errors.pydantic.dev/2.12/migration/
    @validator('isbn13')

app/schemas/product_market.py:46
  /home/ubuntu/onix_project/app/schemas/product_market.py:46: PydanticDeprecatedSince20: Pydantic V1 style `@validator` validators are deprecated. You should migrate to Pydantic V2 style `@field_validator` validators, see the migration guide for more details. Deprecated in Pydantic V2.0 to be removed in V3.0. See Pydantic V2 Migration Guide at https://errors.pydantic.dev/2.12/migration/
    @validator('isbn13')

app/schemas/product_market.py:56
  /home/ubuntu/onix_project/app/schemas/product_market.py:56: PydanticDeprecatedSince20: Pydantic V1 style `@validator` validators are deprecated. You should migrate to Pydantic V2 style `@field_validator` validators, see the migration guide for more details. Deprecated in Pydantic V2.0 to be removed in V3.0. See Pydantic V2 Migration Guide at https://errors.pydantic.dev/2.12/migration/
    @validator('price', 'old_price')

app/schemas/product_market.py:11
  /home/ubuntu/onix_project/app/schemas/product_market.py:11: PydanticDeprecatedSince20: Support for class-based `config` is deprecated, use ConfigDict instead. Deprecated in Pydantic V2.0 to be removed in V3.0. See Pydantic V2 Migration Guide at https://errors.pydantic.dev/2.12/migration/
    class ProductMarketDTO(BaseModel):

app/schemas/product_market.py:73
  /home/ubuntu/onix_project/app/schemas/product_market.py:73: PydanticDeprecatedSince20: Pydantic V1 style `@validator` validators are deprecated. You should migrate to Pydantic V2 style `@field_validator` validators, see the migration guide for more details. Deprecated in Pydantic V2.0 to be removed in V3.0. See Pydantic V2 Migration Guide at https://errors.pydantic.dev/2.12/migration/
    @validator('price')

app/schemas/product_market.py:80
  /home/ubuntu/onix_project/app/schemas/product_market.py:80: PydanticDeprecatedSince20: Support for class-based `config` is deprecated, use ConfigDict instead. Deprecated in Pydantic V2.0 to be removed in V3.0. See Pydantic V2 Migration Guide at https://errors.pydantic.dev/2.12/migration/
    class MarketUpdateResult(BaseModel):

app/schemas/onix_full.py:28
  /home/ubuntu/onix_project/app/schemas/onix_full.py:28: PydanticDeprecatedSince20: Support for class-based `config` is deprecated, use ConfigDict instead. Deprecated in Pydantic V2.0 to be removed in V3.0. See Pydantic V2 Migration Guide at https://errors.pydantic.dev/2.12/migration/
    class OnixBaseModel(BaseModel):

tests/test_market_loader.py::test_market_loader_update_price
  /home/ubuntu/onix_project/app/services/market_loader.py:93: RuntimeWarning: coroutine 'AsyncMockMixin._execute_mock_call' was never awaited
    self.session.add(history)
  Enable tracemalloc to get traceback where the object was allocated.
  See https://docs.pytest.org/en/stable/how-to/capture-warnings.html#resource-warnings for more info.

-- Docs: https://docs.pytest.org/en/stable/how-to/capture-warnings.html
======================= 25 passed, 22 warnings in 2.32s ========================
